2024-11-25 15:26:36,297 [INFO] Initializing Federated Server...
2024-11-25 15:26:39,273 [INFO] Creating 4 clients...
2024-11-25 15:26:39,293 [INFO] Starting Federated Training...
2024-11-25 15:26:39,294 [INFO] Epoch 1/5
2024-11-25 15:26:43,225 [INFO] Global weights updated successfully.
2024-11-25 15:26:43,225 [INFO] Epoch 2/5
2024-11-25 15:26:44,894 [INFO] Global weights updated successfully.
2024-11-25 15:26:44,895 [INFO] Epoch 3/5
2024-11-25 15:26:46,356 [INFO] Global weights updated successfully.
2024-11-25 15:26:46,357 [INFO] Epoch 4/5
2024-11-25 15:26:47,944 [INFO] Global weights updated successfully.
2024-11-25 15:26:47,945 [INFO] Epoch 5/5
2024-11-25 15:26:49,769 [INFO] Global weights updated successfully.
2024-11-25 15:32:16,738 [INFO] Initializing unet model for Federated Server...
2024-11-25 15:32:16,740 [INFO] Creating 4 clients...
2024-11-25 15:32:16,769 [INFO] Starting Federated Training...
2024-11-25 15:32:16,770 [INFO] Epoch 1/5
2024-11-25 15:32:20,532 [INFO] Global weights updated successfully.
2024-11-25 15:32:20,533 [INFO] Evaluating global model...
2024-11-25 15:32:20,546 [INFO] Evaluation - Dice: 0.0000, IoU: 0.0000
2024-11-25 15:32:20,547 [INFO] Epoch 2/5
2024-11-25 15:32:22,060 [INFO] Global weights updated successfully.
2024-11-25 15:32:22,061 [INFO] Evaluating global model...
2024-11-25 15:32:22,070 [INFO] Evaluation - Dice: 0.0000, IoU: 0.0000
2024-11-25 15:32:22,071 [INFO] Epoch 3/5
2024-11-25 15:32:23,412 [INFO] Global weights updated successfully.
2024-11-25 15:32:23,412 [INFO] Evaluating global model...
2024-11-25 15:32:23,423 [INFO] Evaluation - Dice: 0.0000, IoU: 0.0000
2024-11-25 15:32:23,424 [INFO] Epoch 4/5
2024-11-25 15:32:24,909 [INFO] Global weights updated successfully.
2024-11-25 15:32:24,910 [INFO] Evaluating global model...
2024-11-25 15:32:24,919 [INFO] Evaluation - Dice: 0.0000, IoU: 0.0000
2024-11-25 15:32:24,919 [INFO] Epoch 5/5
2024-11-25 15:32:26,335 [INFO] Global weights updated successfully.
2024-11-25 15:32:26,336 [INFO] Evaluating global model...
2024-11-25 15:32:26,344 [INFO] Evaluation - Dice: 0.0000, IoU: 0.0000
2024-11-27 08:15:17,384 [INFO] Initializing unet model...
2024-11-27 08:15:17,384 [INFO] Starting training...
2024-11-27 08:15:17,410 [INFO] Initializing unet model for Federated Server...
2024-11-27 08:15:17,416 [INFO] Creating 4 clients...
2024-11-27 08:15:17,441 [INFO] Starting Federated Training...
2024-11-27 08:15:17,441 [INFO] Epoch 1/5
2024-11-27 08:15:17,441 [INFO] Client 0: Starting local training...
2024-11-27 08:15:18,200 [INFO] Client 0: Training completed successfully.
2024-11-27 08:15:18,200 [INFO] Client 1: Starting local training...
2024-11-27 08:15:18,598 [INFO] Client 1: Training completed successfully.
2024-11-27 08:15:18,598 [INFO] Client 2: Starting local training...
2024-11-27 08:15:19,097 [INFO] Client 2: Training completed successfully.
2024-11-27 08:15:19,099 [INFO] Client 3: Starting local training...
2024-11-27 08:15:19,470 [INFO] Client 3: Training completed successfully.
2024-11-27 08:15:19,506 [INFO] Global weights updated successfully.
2024-11-27 08:15:19,506 [INFO] Evaluating global model...
2024-11-27 08:15:19,527 [INFO] Evaluation - Dice: 0.0000, IoU: 0.0000
2024-11-27 08:15:19,527 [INFO] Epoch 1/5 completed.
2024-11-27 08:15:19,528 [INFO] Epoch 2/5
2024-11-27 08:15:19,528 [INFO] Client 0: Starting local training...
2024-11-27 08:15:20,049 [INFO] Client 0: Training completed successfully.
2024-11-27 08:15:20,049 [INFO] Client 1: Starting local training...
2024-11-27 08:15:20,430 [INFO] Client 1: Training completed successfully.
2024-11-27 08:15:20,430 [INFO] Client 2: Starting local training...
2024-11-27 08:15:20,976 [INFO] Client 2: Training completed successfully.
2024-11-27 08:15:20,976 [INFO] Client 3: Starting local training...
2024-11-27 08:15:21,453 [INFO] Client 3: Training completed successfully.
2024-11-27 08:15:21,454 [INFO] Global weights updated successfully.
2024-11-27 08:15:21,455 [INFO] Evaluating global model...
2024-11-27 08:15:21,473 [INFO] Evaluation - Dice: 0.0000, IoU: 0.0000
2024-11-27 08:15:21,475 [INFO] Epoch 2/5 completed.
2024-11-27 08:15:21,476 [INFO] Epoch 3/5
2024-11-27 08:15:21,476 [INFO] Client 0: Starting local training...
2024-11-27 08:15:21,866 [INFO] Client 0: Training completed successfully.
2024-11-27 08:15:21,866 [INFO] Client 1: Starting local training...
2024-11-27 08:15:22,587 [INFO] Client 1: Training completed successfully.
2024-11-27 08:15:22,587 [INFO] Client 2: Starting local training...
2024-11-27 08:15:23,019 [INFO] Client 2: Training completed successfully.
2024-11-27 08:15:23,019 [INFO] Client 3: Starting local training...
2024-11-27 08:15:23,414 [INFO] Client 3: Training completed successfully.
2024-11-27 08:15:23,414 [INFO] Global weights updated successfully.
2024-11-27 08:15:23,414 [INFO] Evaluating global model...
2024-11-27 08:15:23,422 [INFO] Evaluation - Dice: 0.0000, IoU: 0.0000
2024-11-27 08:15:23,422 [INFO] Epoch 3/5 completed.
2024-11-27 08:15:23,422 [INFO] Epoch 4/5
2024-11-27 08:15:23,422 [INFO] Client 0: Starting local training...
2024-11-27 08:15:23,854 [INFO] Client 0: Training completed successfully.
2024-11-27 08:15:23,854 [INFO] Client 1: Starting local training...
2024-11-27 08:15:24,304 [INFO] Client 1: Training completed successfully.
2024-11-27 08:15:24,304 [INFO] Client 2: Starting local training...
2024-11-27 08:15:24,748 [INFO] Client 2: Training completed successfully.
2024-11-27 08:15:24,750 [INFO] Client 3: Starting local training...
2024-11-27 08:15:25,273 [INFO] Client 3: Training completed successfully.
2024-11-27 08:15:25,273 [INFO] Global weights updated successfully.
2024-11-27 08:15:25,273 [INFO] Evaluating global model...
2024-11-27 08:15:25,273 [INFO] Evaluation - Dice: 0.0000, IoU: 0.0000
2024-11-27 08:15:25,273 [INFO] Epoch 4/5 completed.
2024-11-27 08:15:25,273 [INFO] Epoch 5/5
2024-11-27 08:15:25,273 [INFO] Client 0: Starting local training...
2024-11-27 08:15:25,700 [INFO] Client 0: Training completed successfully.
2024-11-27 08:15:25,700 [INFO] Client 1: Starting local training...
2024-11-27 08:15:26,121 [INFO] Client 1: Training completed successfully.
2024-11-27 08:15:26,121 [INFO] Client 2: Starting local training...
2024-11-27 08:15:26,609 [INFO] Client 2: Training completed successfully.
2024-11-27 08:15:26,610 [INFO] Client 3: Starting local training...
2024-11-27 08:15:27,003 [INFO] Client 3: Training completed successfully.
2024-11-27 08:15:27,003 [INFO] Global weights updated successfully.
2024-11-27 08:15:27,003 [INFO] Evaluating global model...
2024-11-27 08:15:27,022 [INFO] Evaluation - Dice: 0.0000, IoU: 0.0000
2024-11-27 08:15:27,022 [INFO] Epoch 5/5 completed.
2024-11-27 08:15:27,022 [INFO] Visualizing predictions...
2024-11-27 08:15:28,679 [INFO] Visualization for epoch 5 saved.
2024-11-27 08:15:28,687 [INFO] Saving the trained global model...
2024-11-27 08:15:28,737 [INFO] Global model saved successfully.
2024-11-27 08:23:30,831 [INFO] Initializing unet model...
2024-11-27 08:23:30,831 [INFO] Starting training...
2024-11-27 08:23:30,831 [INFO] Initializing unet model for Federated Server...
2024-11-27 08:23:30,831 [INFO] Creating 10 clients...
2024-11-27 08:23:30,896 [INFO] Starting Federated Training...
2024-11-27 08:23:30,896 [INFO] Epoch 1/5
2024-11-27 08:23:46,271 [ERROR] Experiment failed: 'module' object is not callable. Did you mean: 'tqdm.tqdm(...)'?
2024-11-27 08:24:41,315 [INFO] Initializing unet model...
2024-11-27 08:24:41,315 [INFO] Starting training...
2024-11-27 08:24:41,315 [INFO] Initializing unet model for Federated Server...
2024-11-27 08:24:41,315 [INFO] Creating 10 clients...
2024-11-27 08:24:41,381 [INFO] Starting Federated Training...
2024-11-27 08:24:41,381 [INFO] Epoch 1/5
2024-11-27 08:24:56,544 [INFO] Global weights updated successfully.
2024-11-27 08:24:56,544 [INFO] Evaluating global model...
2024-11-27 08:24:56,578 [INFO] Evaluation - Dice: 0.0000, IoU: 0.0000
2024-11-27 08:24:56,578 [INFO] Epoch 1/5 completed.
2024-11-27 08:24:56,579 [INFO] Epoch 2/5
2024-11-27 08:25:11,833 [INFO] Global weights updated successfully.
2024-11-27 08:25:11,834 [INFO] Evaluating global model...
2024-11-27 08:25:11,857 [INFO] Evaluation - Dice: 0.0000, IoU: 0.0000
2024-11-27 08:25:11,858 [INFO] Epoch 2/5 completed.
2024-11-27 08:25:11,858 [INFO] Epoch 3/5
2024-11-27 08:25:26,955 [INFO] Global weights updated successfully.
2024-11-27 08:25:26,957 [INFO] Evaluating global model...
2024-11-27 08:25:26,973 [INFO] Evaluation - Dice: 0.0000, IoU: 0.0000
2024-11-27 08:25:26,974 [INFO] Epoch 3/5 completed.
2024-11-27 08:25:26,975 [INFO] Epoch 4/5
2024-11-27 08:25:42,354 [INFO] Global weights updated successfully.
2024-11-27 08:25:42,354 [INFO] Evaluating global model...
2024-11-27 08:25:42,379 [INFO] Evaluation - Dice: 0.0000, IoU: 0.0000
2024-11-27 08:25:42,380 [INFO] Epoch 4/5 completed.
2024-11-27 08:25:42,381 [INFO] Epoch 5/5
2024-11-27 08:25:58,286 [INFO] Global weights updated successfully.
2024-11-27 08:25:58,286 [INFO] Evaluating global model...
2024-11-27 08:25:58,310 [INFO] Evaluation - Dice: 0.0000, IoU: 0.0000
2024-11-27 08:25:58,312 [INFO] Epoch 5/5 completed.
2024-11-27 08:42:31,367 [INFO] Initializing unet model...
2024-11-27 08:42:31,367 [INFO] Starting training...
2024-11-27 08:42:31,367 [INFO] Initializing unet model for Federated Server...
2024-11-27 08:42:31,367 [INFO] Creating 4 clients...
2024-11-27 08:42:31,367 [ERROR] Experiment failed: Unknown dataset: medical
2024-11-27 08:44:24,445 [INFO] Initializing unet model...
2024-11-27 08:44:24,445 [INFO] Starting training...
2024-11-27 08:44:24,445 [INFO] Initializing unet model for Federated Server...
2024-11-27 08:44:24,445 [INFO] Creating 4 clients...
2024-11-27 08:44:24,445 [ERROR] Experiment failed: Unknown dataset: medical
2024-11-27 08:44:49,939 [INFO] Initializing unet model...
2024-11-27 08:44:49,939 [INFO] Starting training...
2024-11-27 08:44:49,939 [INFO] Initializing unet model for Federated Server...
2024-11-27 08:44:49,939 [INFO] Creating 4 clients...
2024-11-27 08:44:49,939 [ERROR] Experiment failed: Unknown dataset: medical
2024-11-27 08:45:06,614 [INFO] Initializing unet model...
2024-11-27 08:45:06,614 [INFO] Starting training...
2024-11-27 08:45:06,614 [INFO] Initializing unet model for Federated Server...
2024-11-27 08:45:06,614 [INFO] Creating 4 clients...
2024-11-27 08:45:06,614 [ERROR] Experiment failed: Unknown dataset: medical
2024-11-27 08:45:25,770 [INFO] Initializing unet model...
2024-11-27 08:45:25,770 [INFO] Starting training...
2024-11-27 08:45:25,770 [INFO] Initializing unet model for Federated Server...
2024-11-27 08:45:25,770 [INFO] Creating 4 clients...
2024-11-27 08:45:25,770 [ERROR] Experiment failed: Unknown dataset: medical
2024-11-27 08:50:15,551 [INFO] Initializing unet model...
2024-11-27 08:50:15,551 [INFO] Starting training...
2024-11-27 08:50:15,551 [INFO] Initializing unet model for Federated Server...
2024-11-27 08:50:15,551 [INFO] Creating 4 clients...
2024-11-27 08:50:15,575 [INFO] Starting Federated Training...
2024-11-27 08:50:15,575 [INFO] Epoch 1/3
2024-11-27 08:50:24,537 [INFO] Global weights updated successfully.
2024-11-27 08:50:24,537 [INFO] Evaluating global model...
2024-11-27 08:50:24,583 [INFO] Evaluation - Dice: 0.0092, IoU: 0.0046, Precision: 0.5031, Recall: 0.0046, F1-Score: 0.0092
2024-11-27 08:50:24,583 [INFO] Epoch 1/3 completed.
2024-11-27 08:50:24,583 [INFO] Epoch 2/3
2024-11-27 08:50:33,552 [INFO] Global weights updated successfully.
2024-11-27 08:50:33,552 [INFO] Evaluating global model...
2024-11-27 08:50:33,572 [INFO] Evaluation - Dice: 0.0052, IoU: 0.0026, Precision: 0.4601, Recall: 0.0026, F1-Score: 0.0052
2024-11-27 08:50:33,572 [INFO] Epoch 2/3 completed.
2024-11-27 08:50:33,596 [INFO] Epoch 3/3
2024-11-27 08:50:42,433 [INFO] Global weights updated successfully.
2024-11-27 08:50:42,433 [INFO] Evaluating global model...
2024-11-27 08:50:42,449 [INFO] Evaluation - Dice: 0.0023, IoU: 0.0011, Precision: 0.4388, Recall: 0.0011, F1-Score: 0.0023
2024-11-27 08:50:42,449 [INFO] Epoch 3/3 completed.
2024-11-27 08:50:42,449 [INFO] Saving metrics...
2024-11-27 08:54:16,806 [INFO] Initializing unet model...
2024-11-27 08:54:16,806 [INFO] Starting training on lits dataset...
2024-11-27 08:54:16,806 [INFO] Initializing unet model for Federated Server...
2024-11-27 08:54:16,806 [INFO] Creating 4 clients...
2024-11-27 08:54:16,833 [ERROR] Experiment failed: [WinError 3] The system cannot find the path specified: './client_0_lits\\images'
2024-11-27 11:08:19,250 [INFO] Initializing unet model...
2024-11-27 11:08:19,276 [INFO] Starting training on dummy dataset...
2024-11-27 11:08:19,276 [INFO] Generating dummy data for all clients...
2024-11-27 11:08:19,483 [INFO] Dummy data generation complete.
2024-11-27 11:08:19,483 [INFO] Initializing unet model for Federated Server with dummy...
2024-11-27 11:08:19,483 [INFO] Creating 4 clients...
2024-11-27 11:08:19,516 [INFO] Starting Federated Training...
2024-11-27 11:08:19,516 [INFO] Epoch 1/3
2024-11-27 11:08:29,713 [INFO] Global weights updated successfully.
2024-11-27 11:08:29,713 [INFO] Evaluating global model...
2024-11-27 11:08:29,738 [INFO] Evaluation - Dice: 0.2130, IoU: 0.1192, Precision: 0.4965, Recall: 0.1356, F1-Score: 0.2130
2024-11-27 11:08:29,739 [INFO] Epoch 1/3 completed.
2024-11-27 11:08:29,740 [INFO] Epoch 2/3
2024-11-27 11:08:38,573 [INFO] Global weights updated successfully.
2024-11-27 11:08:38,573 [INFO] Evaluating global model...
2024-11-27 11:08:38,581 [INFO] Evaluation - Dice: 0.1734, IoU: 0.0949, Precision: 0.5005, Recall: 0.1049, F1-Score: 0.1734
2024-11-27 11:08:38,581 [INFO] Epoch 2/3 completed.
2024-11-27 11:08:38,581 [INFO] Epoch 3/3
2024-11-27 11:08:47,590 [INFO] Global weights updated successfully.
2024-11-27 11:08:47,590 [INFO] Evaluating global model...
2024-11-27 11:08:47,601 [INFO] Evaluation - Dice: 0.1131, IoU: 0.0599, Precision: 0.5017, Recall: 0.0637, F1-Score: 0.1131
2024-11-27 11:08:47,605 [INFO] Epoch 3/3 completed.
2024-11-27 11:08:47,605 [INFO] Saving metrics...
2024-11-27 11:08:48,761 [INFO] Federated Training Complete.
2024-11-27 11:10:24,698 [INFO] Initializing unet model...
2024-11-27 11:10:24,698 [INFO] Starting training on dummy dataset...
2024-11-27 11:10:24,698 [INFO] Generating dummy data for all clients...
2024-11-27 11:10:25,136 [INFO] Dummy data generation complete.
2024-11-27 11:10:25,136 [INFO] Initializing unet model for Federated Server with dummy...
2024-11-27 11:10:25,136 [INFO] Creating 10 clients...
2024-11-27 11:10:25,198 [INFO] Starting Federated Training...
2024-11-27 11:10:25,207 [INFO] Epoch 1/3
2024-11-27 11:10:42,928 [INFO] Global weights updated successfully.
2024-11-27 11:10:42,930 [INFO] Evaluating global model...
2024-11-27 11:10:42,961 [INFO] Evaluation - Dice: 0.0000, IoU: 0.0000, Precision: 1.0000, Recall: 0.0000, F1-Score: 0.0000
2024-11-27 11:10:42,962 [INFO] Epoch 1/3 completed.
2024-11-27 11:10:42,962 [INFO] Epoch 2/3
2024-11-27 11:11:02,693 [INFO] Global weights updated successfully.
2024-11-27 11:11:02,694 [INFO] Evaluating global model...
2024-11-27 11:11:02,714 [INFO] Evaluation - Dice: 0.0000, IoU: 0.0000, Precision: 1.0000, Recall: 0.0000, F1-Score: 0.0000
2024-11-27 11:11:02,715 [INFO] Epoch 2/3 completed.
2024-11-27 11:11:02,715 [INFO] Epoch 3/3
2024-11-27 11:11:23,103 [INFO] Global weights updated successfully.
2024-11-27 11:11:23,103 [INFO] Evaluating global model...
2024-11-27 11:11:23,117 [INFO] Evaluation - Dice: 0.0000, IoU: 0.0000, Precision: 1.0000, Recall: 0.0000, F1-Score: 0.0000
2024-11-27 11:11:23,118 [INFO] Epoch 3/3 completed.
2024-11-27 11:11:23,119 [INFO] Saving metrics...
2024-11-27 11:11:23,955 [INFO] Federated Training Complete.
2024-11-27 11:15:20,887 [INFO] Initializing unet model...
2024-11-27 11:15:20,887 [INFO] Starting training on dummy dataset...
2024-11-27 11:15:20,887 [INFO] Generating dummy data for all clients...
2024-11-27 11:15:20,970 [INFO] Dummy data generation complete.
2024-11-27 11:15:20,970 [INFO] Initializing unet model for Federated Server with dummy...
2024-11-27 11:15:20,970 [INFO] Creating 2 clients...
2024-11-27 11:15:20,986 [INFO] Starting Federated Training...
2024-11-27 11:15:20,986 [INFO] Epoch 1/3
2024-11-27 11:15:49,667 [INFO] Global weights updated successfully.
2024-11-27 11:15:49,667 [INFO] Evaluating global model...
2024-11-27 11:15:49,705 [INFO] Evaluation - Dice: 0.0000, IoU: 0.0000, Precision: 1.0000, Recall: 0.0000, F1-Score: 0.0000
2024-11-27 11:15:49,716 [INFO] Epoch 1/3 completed.
2024-11-27 11:15:49,716 [INFO] Epoch 2/3
2024-11-27 11:15:57,074 [INFO] Global weights updated successfully.
2024-11-27 11:15:57,078 [INFO] Evaluating global model...
2024-11-27 11:15:57,094 [INFO] Evaluation - Dice: 0.0000, IoU: 0.0000, Precision: 1.0000, Recall: 0.0000, F1-Score: 0.0000
2024-11-27 11:15:57,094 [INFO] Epoch 2/3 completed.
2024-11-27 11:15:57,094 [INFO] Epoch 3/3
2024-11-27 11:16:04,982 [INFO] Global weights updated successfully.
2024-11-27 11:16:04,982 [INFO] Evaluating global model...
2024-11-27 11:16:04,996 [INFO] Evaluation - Dice: 0.0000, IoU: 0.0000, Precision: 1.0000, Recall: 0.0000, F1-Score: 0.0000
2024-11-27 11:16:04,996 [INFO] Epoch 3/3 completed.
2024-11-27 11:16:04,996 [INFO] Saving metrics...
2024-11-27 11:16:05,432 [INFO] Federated Training Complete.
2024-11-27 20:37:21,612 [INFO] Initializing unet model...
2024-11-27 20:37:21,626 [INFO] Starting training on dummy dataset...
2024-11-27 20:37:21,632 [INFO] Generating dummy data for all clients...
2024-11-27 20:37:21,713 [INFO] Dummy data generation complete.
2024-11-27 20:37:21,713 [INFO] Initializing unet model for Federated Server with dummy...
2024-11-27 20:37:21,713 [INFO] Creating 2 clients...
2024-11-27 20:37:21,736 [INFO] Starting Federated Training...
2024-11-27 20:37:21,739 [INFO] Epoch 1/3
2024-11-27 20:37:30,880 [INFO] Global weights updated successfully.
2024-11-27 20:37:30,880 [INFO] Evaluating global model...
2024-11-27 20:37:30,904 [INFO] Evaluation - Dice: 0.0004, IoU: 0.0002, Precision: 0.5546, Recall: 0.0002, F1-Score: 0.0004
2024-11-27 20:37:30,904 [INFO] Epoch 1/3 completed.
2024-11-27 20:37:30,904 [INFO] Epoch 2/3
2024-11-27 20:37:40,821 [INFO] Global weights updated successfully.
2024-11-27 20:37:40,821 [INFO] Evaluating global model...
2024-11-27 20:37:40,838 [INFO] Evaluation - Dice: 0.0002, IoU: 0.0001, Precision: 0.3863, Recall: 0.0001, F1-Score: 0.0002
2024-11-27 20:37:40,838 [INFO] Epoch 2/3 completed.
2024-11-27 20:37:40,838 [INFO] Epoch 3/3
2024-11-27 20:37:48,141 [INFO] Global weights updated successfully.
2024-11-27 20:37:48,141 [INFO] Evaluating global model...
2024-11-27 20:37:48,148 [INFO] Evaluation - Dice: 0.0000, IoU: 0.0000, Precision: 1.0000, Recall: 0.0000, F1-Score: 0.0000
2024-11-27 20:37:48,148 [INFO] Epoch 3/3 completed.
2024-11-27 20:37:48,150 [INFO] Saving metrics...
2024-11-27 20:37:49,645 [INFO] Federated Training Complete.
2024-11-27 20:38:33,788 [INFO] Initializing unet model...
2024-11-27 20:38:33,788 [INFO] Starting training on lits dataset...
2024-11-27 20:38:33,788 [INFO] Initializing unet model for Federated Server with lits...
2024-11-27 20:38:33,788 [INFO] Creating 2 clients...
2024-11-27 20:38:33,788 [ERROR] Experiment failed: Required directories do not exist: ./client_0_lits\images, ./client_0_lits\masks
2024-11-27 20:43:33,428 [INFO] Initializing unet model...
2024-11-27 20:43:33,428 [INFO] Starting training on lits dataset...
2024-11-27 20:43:33,428 [INFO] Initializing unet model for Federated Server with lits...
2024-11-27 20:43:33,428 [INFO] Creating 2 clients...
2024-11-27 20:43:33,428 [ERROR] Experiment failed: Required directories do not exist: ./client_0_lits\images, ./client_0_lits\masks
2024-11-27 20:43:45,123 [INFO] Initializing unet model...
2024-11-27 20:43:45,123 [INFO] Starting training on lits dataset...
2024-11-27 20:43:45,138 [INFO] Initializing unet model for Federated Server with lits...
2024-11-27 20:43:45,138 [INFO] Creating 2 clients...
2024-11-27 20:43:45,138 [ERROR] Experiment failed: Required directories do not exist: ./client_0_lits\images, ./client_0_lits\masks
2024-11-27 20:43:50,279 [INFO] Initializing unet model...
2024-11-27 20:43:50,295 [INFO] Starting training on lits dataset...
2024-11-27 20:43:50,295 [INFO] Initializing unet model for Federated Server with lits...
2024-11-27 20:43:50,299 [INFO] Creating 4 clients...
2024-11-27 20:43:50,299 [ERROR] Experiment failed: Required directories do not exist: ./client_0_lits\images, ./client_0_lits\masks
2024-11-27 20:45:26,894 [INFO] Initializing unet model...
2024-11-27 20:45:26,894 [INFO] Starting training on lits dataset...
2024-11-27 20:45:26,894 [INFO] Checking for LiTS dataset...
2024-11-27 20:45:28,158 [ERROR] Experiment failed: 404 Client Error.

Resource not found at URL: https://www.kaggle.com/datasets/andrewmvd/liver-tumor-segmentation/versions/5
Please make sure you specified the correct resource identifiers.
2024-11-27 20:46:53,413 [INFO] Initializing unet model...
2024-11-27 20:46:53,414 [INFO] Starting training on lits dataset...
2024-11-27 20:46:53,415 [INFO] Checking for LiTS dataset...
2024-11-27 20:46:53,415 [INFO] LiTS dataset is ready.
2024-11-27 20:46:53,416 [INFO] Preparing client-specific dataset folders...
2024-11-27 20:46:53,417 [ERROR] Experiment failed: Required directories do not exist: ./data/lits\images, ./data/lits\masks
2024-11-27 20:47:05,187 [INFO] Initializing unet model...
2024-11-27 20:47:05,187 [INFO] Starting training on lits dataset...
2024-11-27 20:47:05,187 [INFO] Checking for LiTS dataset...
2024-11-27 20:47:05,187 [INFO] LiTS dataset is ready.
2024-11-27 20:47:05,187 [INFO] Preparing client-specific dataset folders...
2024-11-27 20:47:05,187 [ERROR] Experiment failed: Required directories do not exist: ./data/lits\images, ./data/lits\masks
2024-11-27 20:47:36,832 [INFO] Initializing unet model...
2024-11-27 20:47:36,833 [INFO] Starting training on lits dataset...
2024-11-27 20:47:36,834 [INFO] Checking for LiTS dataset...
2024-11-27 20:52:56,492 [ERROR] Experiment failed: [Errno 28] No space left on device
2024-11-27 22:04:40,996 [INFO] Initializing unet model...
2024-11-27 22:04:41,059 [INFO] Starting training on lits dataset...
2024-11-27 22:04:41,066 [INFO] Checking for LiTS dataset...
2024-11-27 22:07:43,503 [INFO] LiTS dataset is ready.
2024-11-27 22:07:43,503 [INFO] Preparing client-specific dataset folders...
2024-11-27 22:07:43,503 [ERROR] Experiment failed: Required directories do not exist: ./data/lits\images, ./data/lits\masks
2024-11-27 22:09:27,900 [INFO] Initializing unet model...
2024-11-27 22:09:27,901 [INFO] Starting training on lits dataset...
2024-11-27 22:09:27,901 [INFO] Checking for LiTS dataset...
2024-11-27 22:09:28,398 [INFO] LiTS dataset is ready.
2024-11-27 22:09:28,398 [INFO] Preparing client-specific dataset folders...
2024-11-27 22:09:28,398 [ERROR] Experiment failed: Required directories do not exist: ./data/lits\images, ./data/lits\masks
2024-11-29 20:49:44,121 [INFO] Initializing unet model...
2024-11-29 20:49:44,132 [INFO] Starting training on lits dataset...
2024-11-29 20:49:44,134 [INFO] Checking for LiTS dataset...
2024-11-29 20:49:44,134 [INFO] LiTS dataset is ready.
2024-11-29 20:49:44,135 [INFO] Preparing client-specific dataset folders...
2024-11-29 20:49:44,136 [ERROR] Experiment failed: Required directories do not exist: ./data/lits\images, ./data/lits\masks
2024-11-29 20:50:41,149 [INFO] Initializing unet model...
2024-11-29 20:50:41,149 [INFO] Starting training on lits dataset...
2024-11-29 20:50:41,149 [INFO] Checking for LiTS dataset...
2024-11-29 20:50:41,770 [INFO] LiTS dataset is ready.
2024-11-29 20:50:41,770 [INFO] Preparing client-specific dataset folders...
2024-11-29 20:50:41,772 [ERROR] Experiment failed: Required directories do not exist: ./data/lits\images, ./data/lits\masks
2024-11-29 20:51:56,714 [INFO] Initializing unet model...
2024-11-29 20:51:56,715 [INFO] Starting training on lits dataset...
2024-11-29 20:51:56,715 [INFO] Checking for LiTS dataset...
2024-11-29 20:51:56,715 [INFO] LiTS dataset is ready.
2024-11-29 20:51:56,716 [INFO] Preparing client-specific dataset folders...
2024-11-29 20:51:56,716 [ERROR] Experiment failed: Required directories do not exist: ./data/lits\images, ./data/lits\masks
2024-11-29 20:55:42,233 [INFO] Initializing unet model...
2024-11-29 20:55:42,233 [INFO] Starting training on lits dataset...
2024-11-29 20:55:42,233 [INFO] Checking for LiTS dataset...
2024-11-29 20:55:42,869 [INFO] LiTS dataset is ready.
2024-11-29 20:55:42,870 [INFO] Preparing client-specific dataset folders...
2024-11-29 20:55:42,871 [ERROR] Experiment failed: Required directories do not exist: ./data/lits\images, ./data/lits\masks
2024-11-29 21:00:38,897 [INFO] Initializing unet model...
2024-11-29 21:00:38,900 [INFO] Starting training on lits dataset...
2024-11-29 21:00:38,901 [INFO] Checking for LiTS dataset...
2024-11-29 21:02:02,790 [INFO] LiTS dataset is ready.
2024-11-29 21:02:02,790 [INFO] Preparing client-specific dataset folders...
2024-11-29 21:02:02,790 [ERROR] Experiment failed: Required directories do not exist: ./data/lits\images, ./data/lits\masks
2024-11-29 21:08:55,537 [INFO] Initializing unet model...
2024-11-29 21:08:55,546 [INFO] Starting training on lits dataset...
2024-11-29 21:08:55,551 [INFO] Checking for LiTS dataset...
2024-11-29 21:08:55,551 [INFO] LiTS dataset is ready.
2024-11-29 21:08:55,552 [INFO] Preparing client-specific dataset folders...
2024-11-29 21:08:55,552 [ERROR] Experiment failed: Required directories do not exist: ./data/lits\images, ./data/lits\masks
2024-11-29 21:10:07,089 [INFO] Initializing unet model...
2024-11-29 21:10:07,089 [INFO] Starting training on lits dataset...
2024-11-29 21:10:07,089 [INFO] Checking for LiTS dataset...
2024-11-29 21:10:07,097 [INFO] LiTS dataset is ready.
2024-11-29 21:10:07,097 [INFO] Preparing client-specific dataset folders...
2024-11-29 21:10:07,097 [ERROR] Experiment failed: name 'Path' is not defined
2024-11-29 21:10:50,146 [INFO] Initializing unet model...
2024-11-29 21:10:50,147 [INFO] Starting training on lits dataset...
2024-11-29 21:10:50,147 [INFO] Checking for LiTS dataset...
2024-11-29 21:10:50,154 [INFO] LiTS dataset is ready.
2024-11-29 21:10:50,155 [INFO] Preparing client-specific dataset folders...
2024-11-29 21:10:50,156 [ERROR] Experiment failed: Required directories do not exist: data\lits\images, data\lits\masks
2024-11-29 21:12:18,156 [INFO] Initializing unet model...
2024-11-29 21:12:18,156 [INFO] Starting training on lits dataset...
2024-11-29 21:12:18,156 [INFO] Checking for LiTS dataset...
2024-11-29 21:12:18,156 [INFO] LiTS dataset is ready.
2024-11-29 21:12:18,165 [INFO] Preparing client-specific dataset folders...
2024-11-29 21:12:18,211 [INFO] Initializing unet model for Federated Server with lits...
2024-11-29 21:12:18,213 [INFO] Creating 4 clients...
2024-11-29 21:12:18,223 [ERROR] Experiment failed: num_samples should be a positive integer value, but got num_samples=0
2024-11-30 09:17:08,973 [INFO] Initializing unet model...
2024-11-30 09:17:08,994 [INFO] Starting training on lits dataset...
2024-11-30 09:17:08,995 [INFO] Checking for LiTS dataset...
2024-11-30 09:17:08,995 [INFO] LiTS dataset is ready.
2024-11-30 09:17:08,995 [INFO] Preparing client-specific dataset folders...
2024-11-30 09:17:09,000 [INFO] Initializing unet model for Federated Server with lits...
2024-11-30 09:17:09,001 [INFO] Creating 4 clients...
2024-11-30 09:17:09,003 [ERROR] Experiment failed: num_samples should be a positive integer value, but got num_samples=0
2024-11-30 09:57:29,995 [INFO] Initializing unet model...
2024-11-30 09:57:30,036 [INFO] Starting training on lits dataset...
2024-11-30 09:57:30,036 [INFO] Checking for LiTS dataset...
2024-11-30 09:57:30,053 [INFO] LiTS dataset is ready.
2024-11-30 09:57:30,053 [INFO] Preparing client-specific dataset folders...
2024-11-30 09:57:30,086 [ERROR] Experiment failed: Mismatch between the number of volume and segmentation files.
2024-11-30 09:58:36,794 [INFO] Initializing unet model...
2024-11-30 09:58:36,794 [INFO] Starting training on lits dataset...
2024-11-30 09:58:36,794 [INFO] Checking for LiTS dataset...
2024-11-30 09:58:36,803 [INFO] LiTS dataset is ready.
2024-11-30 09:58:36,803 [INFO] Preparing client-specific dataset folders...
2024-11-30 09:58:36,806 [ERROR] Experiment failed: Mismatch between the number of volume (51) and segmentation files (131).
2024-11-30 09:59:19,241 [INFO] Initializing unet model...
2024-11-30 09:59:19,243 [INFO] Starting training on lits dataset...
2024-11-30 09:59:19,244 [INFO] Checking for LiTS dataset...
2024-11-30 09:59:19,244 [INFO] LiTS dataset is ready.
2024-11-30 09:59:19,244 [INFO] Preparing client-specific dataset folders...
2024-11-30 09:59:19,251 [ERROR] Experiment failed: No matching volume and segmentation files found.
2024-11-30 10:00:26,225 [INFO] Initializing unet model...
2024-11-30 10:00:26,227 [INFO] Starting training on lits dataset...
2024-11-30 10:00:26,227 [INFO] Checking for LiTS dataset...
2024-11-30 10:00:26,227 [INFO] LiTS dataset is ready.
2024-11-30 10:00:26,227 [INFO] Preparing client-specific dataset folders...
2024-11-30 10:00:53,321 [ERROR] Experiment failed: No matching volume and segmentation files found.
2024-11-30 10:01:43,757 [INFO] Initializing unet model...
2024-11-30 10:01:43,759 [INFO] Starting training on lits dataset...
2024-11-30 10:01:43,760 [INFO] Checking for LiTS dataset...
2024-11-30 10:01:43,764 [INFO] LiTS dataset is ready.
2024-11-30 10:01:43,764 [INFO] Preparing client-specific dataset folders...
2024-11-30 10:02:15,108 [ERROR] Experiment failed: No matching volume and segmentation files found.
2024-11-30 10:51:45,355 [INFO] Initializing unet model...
2024-11-30 10:51:45,355 [INFO] Starting training on lits dataset...
2024-11-30 10:51:45,355 [INFO] Checking for LiTS dataset...
2024-11-30 10:53:12,083 [INFO] LiTS dataset is ready.
2024-11-30 10:53:12,087 [INFO] Preparing client-specific dataset folders...
2024-11-30 10:53:51,356 [ERROR] Experiment failed: No matching volume and segmentation files found.
2024-11-30 11:36:51,165 [INFO] Initializing unet model...
2024-11-30 11:36:51,165 [INFO] Starting training on lits dataset...
2024-11-30 11:36:51,165 [INFO] Checking for LiTS dataset...
2024-11-30 11:36:52,092 [ERROR] Experiment failed: 404 Client Error.

Resource not found at URL: https://www.kaggle.com/datasets/ag3ntsp1d3rx/litsdataset2/versions/1
Please make sure you specified the correct resource identifiers.
2024-12-09 08:31:30,190 [INFO] Initializing unet model...
2024-12-09 08:31:30,190 [INFO] Starting training on lits dataset...
2024-12-09 08:31:30,190 [INFO] Checking for LiTS dataset...
2024-12-09 08:50:46,755 [INFO] LiTS dataset is ready.
2024-12-09 08:50:46,755 [INFO] Preparing client-specific dataset folders...
2024-12-09 08:50:46,755 [ERROR] Experiment failed: Required directories do not exist: data\lits\images, data\lits\masks
2024-12-09 08:57:48,748 [INFO] Initializing unet model...
2024-12-09 08:57:48,748 [INFO] Starting training on lits dataset...
2024-12-09 08:57:48,748 [INFO] Checking for LiTS dataset...
2024-12-09 08:57:48,748 [ERROR] Experiment failed: download_and_prepare_lits() got an unexpected keyword argument 'kaggle_dataset'
2024-12-09 09:01:08,531 [INFO] Initializing unet model...
2024-12-09 09:01:08,533 [INFO] Starting training on lits dataset...
2024-12-09 09:01:08,533 [INFO] Checking for LiTS dataset...
2024-12-09 09:24:48,702 [INFO] LiTS dataset is ready.
2024-12-09 09:24:48,702 [INFO] Preparing client-specific dataset folders...
2024-12-09 09:24:48,717 [ERROR] Experiment failed: Required directories do not exist: data\lits\images, data\lits\masks
2024-12-09 10:04:42,356 [INFO] Initializing unet model...
2024-12-09 10:04:42,356 [INFO] Starting training on dummy dataset...
2024-12-09 10:04:42,356 [INFO] Generating dummy data for all clients...
2024-12-09 10:04:43,104 [INFO] Dummy data generation complete.
2024-12-09 10:04:43,104 [INFO] Initializing unet model for Federated Server with dummy...
2024-12-09 10:04:43,105 [ERROR] Experiment failed: Required directories do not exist: data\lits\images, data\lits\masks
2024-12-10 21:24:36,679 [INFO] Initializing unet model...
2024-12-10 21:24:36,680 [INFO] Starting training on dummy dataset...
2024-12-10 21:24:36,681 [INFO] Generating dummy data for all clients...
2024-12-10 21:24:37,355 [INFO] Dummy data generation complete.
2024-12-10 21:24:37,355 [INFO] Initializing unet model for Federated Server with dummy...
2024-12-10 21:24:37,356 [ERROR] Experiment failed: Required directories do not exist: data\lits\images, data\lits\masks
2024-12-10 21:25:33,489 [INFO] Initializing unet model...
2024-12-10 21:25:33,490 [INFO] Starting training on lits dataset...
2024-12-10 21:25:33,491 [INFO] Checking for LiTS dataset...
2024-12-10 21:26:37,604 [INFO] LiTS dataset is ready.
2024-12-10 21:26:37,604 [ERROR] Experiment failed: 'Namespace' object has no attribute 'val_split'
2024-12-10 23:42:37,794 [INFO] Initializing eunet model...
2024-12-10 23:42:37,802 [INFO] Starting training on lits dataset...
2024-12-10 23:42:37,802 [INFO] Checking for LiTS dataset...
2024-12-10 23:42:38,673 [INFO] LiTS data is ready.
2024-12-10 23:42:38,674 [INFO] Preparing client-specific dataset folders...
2024-12-10 23:42:38,674 [ERROR] Experiment failed: Required directories do not exist: data\lits\images, data\lits\masks
2024-12-11 00:08:58,744 [INFO] Initializing eunet model...
2024-12-11 00:08:58,753 [INFO] Starting training on lits dataset...
2024-12-11 00:08:58,753 [INFO] Checking for LiTS dataset...
2024-12-11 00:08:59,780 [INFO] LiTS data is ready.
2024-12-11 00:08:59,780 [INFO] Initializing eunet model for Federated Server with lits...
2024-12-11 00:08:59,787 [ERROR] Experiment failed: 'EnhancedUNet3D' object has no attribute 'get_weights'
2024-12-11 00:13:34,215 [INFO] Initializing eunet model...
2024-12-11 00:13:34,223 [INFO] Starting training on lits dataset...
2024-12-11 00:13:34,223 [INFO] Checking for LiTS dataset...
2024-12-11 00:13:35,043 [INFO] LiTS data is ready.
2024-12-11 00:13:35,043 [INFO] Initializing eunet model for Federated Server with lits...
2024-12-11 00:13:35,049 [ERROR] Experiment failed: 'EnhancedUNet3D' object has no attribute 'get_weights'
2024-12-11 00:15:02,618 [INFO] Initializing eunet model...
2024-12-11 00:15:02,625 [INFO] Starting training on lits dataset...
2024-12-11 00:15:02,626 [INFO] Checking for LiTS dataset...
2024-12-11 00:15:03,488 [INFO] LiTS data is ready.
2024-12-11 00:15:03,488 [INFO] Initializing eunet model for Federated Server with lits...
2024-12-11 00:15:03,494 [INFO] Creating 4 clients...
2024-12-11 00:15:03,523 [INFO] Starting Federated Training...
2024-12-11 00:15:03,523 [INFO] Epoch 1/10
2024-12-11 00:15:09,195 [ERROR] No valid updates received from clients.
2024-12-11 00:15:09,195 [INFO] Epoch 2/10
2024-12-11 00:15:14,815 [ERROR] No valid updates received from clients.
2024-12-11 00:15:14,816 [INFO] Epoch 3/10
2024-12-11 00:15:20,409 [ERROR] No valid updates received from clients.
2024-12-11 00:15:20,409 [INFO] Epoch 4/10
2024-12-11 00:15:26,022 [ERROR] No valid updates received from clients.
2024-12-11 00:15:26,022 [INFO] Epoch 5/10
2024-12-11 00:15:31,639 [ERROR] No valid updates received from clients.
2024-12-11 00:15:31,639 [INFO] Epoch 6/10
2024-12-11 00:15:37,244 [ERROR] No valid updates received from clients.
2024-12-11 00:15:37,244 [INFO] Epoch 7/10
2024-12-11 00:15:42,838 [ERROR] No valid updates received from clients.
2024-12-11 00:15:42,839 [INFO] Epoch 8/10
2024-12-11 00:15:48,424 [ERROR] No valid updates received from clients.
2024-12-11 00:15:48,424 [INFO] Epoch 9/10
2024-12-11 00:15:53,988 [ERROR] No valid updates received from clients.
2024-12-11 00:15:53,989 [INFO] Epoch 10/10
2024-12-11 00:15:59,603 [ERROR] No valid updates received from clients.
2024-12-11 00:15:59,603 [INFO] Saving metrics...
2024-12-11 00:15:59,603 [ERROR] Experiment failed: cannot access local variable 'metrics_log' where it is not associated with a value
2024-12-11 00:16:47,615 [INFO] Initializing eunet model...
2024-12-11 00:16:47,623 [INFO] Starting training on lits dataset...
2024-12-11 00:16:47,624 [INFO] Checking for LiTS dataset...
2024-12-11 00:16:48,438 [INFO] LiTS data is ready.
2024-12-11 00:16:48,438 [INFO] Initializing eunet model for Federated Server with lits...
2024-12-11 00:16:48,444 [INFO] Creating 4 clients...
2024-12-11 00:16:48,473 [INFO] Starting Federated Training...
2024-12-11 00:16:48,473 [INFO] Epoch 1/5
2024-12-11 00:16:54,234 [ERROR] No valid updates received from clients.
2024-12-11 00:16:54,234 [INFO] Epoch 2/5
2024-12-11 00:16:59,966 [ERROR] No valid updates received from clients.
2024-12-11 00:16:59,966 [INFO] Epoch 3/5
2024-12-11 00:17:05,637 [ERROR] No valid updates received from clients.
2024-12-11 00:17:05,638 [INFO] Epoch 4/5
2024-12-11 00:17:11,324 [ERROR] No valid updates received from clients.
2024-12-11 00:17:11,325 [INFO] Epoch 5/5
2024-12-11 00:17:17,021 [ERROR] No valid updates received from clients.
2024-12-11 00:17:17,021 [INFO] Saving metrics...
2024-12-11 00:17:17,021 [ERROR] Experiment failed: cannot access local variable 'metrics_log' where it is not associated with a value
2024-12-11 00:22:03,296 [INFO] Initializing eunet model...
2024-12-11 00:22:03,303 [INFO] Starting training on lits dataset...
2024-12-11 00:22:03,303 [INFO] Checking for LiTS dataset...
2024-12-11 00:22:04,075 [INFO] LiTS data is ready.
2024-12-11 00:22:04,075 [INFO] Initializing eunet model for Federated Server with lits...
2024-12-11 00:22:04,081 [INFO] Creating 4 clients...
2024-12-11 00:22:04,110 [INFO] Starting Federated Training...
2024-12-11 00:22:04,110 [INFO] Epoch 1/5
2024-12-11 00:23:23,819 [ERROR] No valid updates received from clients.
2024-12-11 00:23:23,819 [INFO] Epoch 2/5
2024-12-11 00:24:39,262 [INFO] Initializing eunet model...
2024-12-11 00:24:39,271 [INFO] Starting training on lits dataset...
2024-12-11 00:24:39,272 [INFO] Checking for LiTS dataset...
2024-12-11 00:24:47,708 [INFO] Initializing eunet model...
2024-12-11 00:24:47,715 [INFO] Starting training on lits dataset...
2024-12-11 00:24:47,715 [INFO] Checking for LiTS dataset...
2024-12-11 00:24:48,554 [INFO] LiTS data is ready.
2024-12-11 00:24:48,554 [INFO] Initializing eunet model for Federated Server with lits...
2024-12-11 00:24:48,560 [INFO] Creating 4 clients...
2024-12-11 00:24:48,589 [INFO] Starting Federated Training...
2024-12-11 00:24:48,589 [INFO] Epoch 1/1
2024-12-11 00:26:24,954 [INFO] Initializing unet model...
2024-12-11 00:26:24,955 [INFO] Starting training on lits dataset...
2024-12-11 00:26:24,955 [INFO] Checking for LiTS dataset...
2024-12-11 00:26:25,750 [INFO] LiTS data is ready.
2024-12-11 00:26:25,750 [INFO] Initializing unet model for Federated Server with lits...
2024-12-11 00:26:25,751 [INFO] Creating 4 clients...
2024-12-11 00:26:25,754 [INFO] Starting Federated Training...
2024-12-11 00:26:25,754 [INFO] Epoch 1/1
2024-12-11 00:26:49,547 [ERROR] No valid updates received from clients.
2024-12-11 00:26:49,547 [INFO] Saving metrics...
2024-12-11 00:26:49,548 [ERROR] Experiment failed: cannot access local variable 'metrics_log' where it is not associated with a value
2024-12-11 00:32:20,019 [INFO] Initializing unet model...
2024-12-11 00:32:20,020 [INFO] Starting training on lits dataset...
2024-12-11 00:32:20,021 [INFO] Checking for LiTS dataset...
2024-12-11 00:32:20,843 [INFO] LiTS data is ready.
2024-12-11 00:32:20,843 [INFO] Initializing unet model for Federated Server with lits...
2024-12-11 00:32:20,844 [INFO] Creating 4 clients...
2024-12-11 00:32:20,847 [INFO] Starting Federated Training...
2024-12-11 00:32:20,847 [INFO] Epoch 1/1
2024-12-11 00:32:39,608 [ERROR] No valid updates received from clients.
2024-12-11 00:32:39,609 [INFO] Saving metrics...
2024-12-11 00:32:39,610 [ERROR] Experiment failed: cannot access local variable 'metrics_log' where it is not associated with a value
2024-12-11 00:34:22,846 [INFO] Initializing unet model...
2024-12-11 00:34:22,847 [INFO] Starting training on lits dataset...
2024-12-11 00:34:22,848 [INFO] Checking for LiTS dataset...
2024-12-11 00:34:23,644 [INFO] LiTS data is ready.
2024-12-11 00:34:23,644 [INFO] Initializing unet model for Federated Server with lits...
2024-12-11 00:34:23,645 [INFO] Creating 4 clients...
2024-12-11 00:34:23,648 [INFO] Starting Federated Training...
2024-12-11 00:34:23,648 [INFO] Epoch 1/1
2024-12-11 00:36:12,113 [INFO] Initializing eunet model...
2024-12-11 00:36:12,121 [INFO] Starting training on lits dataset...
2024-12-11 00:36:12,121 [INFO] Checking for LiTS dataset...
2024-12-11 00:36:13,059 [INFO] LiTS data is ready.
2024-12-11 00:36:13,072 [INFO] Initializing eunet model for Federated Server with lits...
2024-12-11 00:36:13,078 [INFO] Creating 4 clients...
2024-12-11 00:36:13,107 [INFO] Starting Federated Training...
2024-12-11 00:36:13,107 [INFO] Epoch 1/1
2024-12-11 00:36:33,217 [ERROR] No valid updates received from clients.
2024-12-11 00:36:33,218 [INFO] Saving metrics...
2024-12-11 00:36:33,218 [ERROR] Experiment failed: cannot access local variable 'metrics_log' where it is not associated with a value
2024-12-11 00:40:46,392 [INFO] Initializing eunet model...
2024-12-11 00:40:46,400 [INFO] Starting training on lits dataset...
2024-12-11 00:40:46,401 [INFO] Checking for LiTS dataset...
2024-12-11 00:40:47,405 [INFO] LiTS data is ready.
2024-12-11 00:40:47,405 [INFO] Initializing eunet model for Federated Server with lits...
2024-12-11 00:40:47,413 [INFO] Creating 4 clients...
2024-12-11 00:40:47,445 [INFO] Starting Federated Training...
2024-12-11 00:40:47,445 [INFO] Epoch 1/1
2024-12-11 00:41:08,149 [ERROR] No valid updates received from clients.
2024-12-11 00:41:08,150 [INFO] Saving metrics...
2024-12-11 00:41:08,150 [ERROR] Experiment failed: cannot access local variable 'metrics_log' where it is not associated with a value
2024-12-11 00:43:31,822 [INFO] Initializing eunet model...
2024-12-11 00:43:31,829 [INFO] Starting training on lits dataset...
2024-12-11 00:43:31,830 [INFO] Checking for LiTS dataset...
2024-12-11 00:43:32,612 [INFO] LiTS data is ready.
2024-12-11 00:43:32,612 [INFO] Initializing eunet model for Federated Server with lits...
2024-12-11 00:43:32,619 [INFO] Creating 4 clients...
2024-12-11 00:43:32,647 [INFO] Starting Federated Training...
2024-12-11 00:43:32,648 [INFO] Epoch 1/1
2024-12-11 00:43:53,021 [ERROR] No valid updates received from clients.
2024-12-11 00:43:53,022 [INFO] Saving metrics...
2024-12-11 00:43:53,022 [ERROR] Experiment failed: cannot access local variable 'metrics_log' where it is not associated with a value
2024-12-11 00:44:23,193 [INFO] Initializing eunet model...
2024-12-11 00:44:23,201 [INFO] Starting training on lits dataset...
2024-12-11 00:44:23,201 [INFO] Checking for LiTS dataset...
2024-12-11 00:44:23,999 [INFO] LiTS data is ready.
2024-12-11 00:44:24,000 [INFO] Initializing eunet model for Federated Server with lits...
2024-12-11 00:44:24,006 [INFO] Creating 4 clients...
2024-12-11 00:44:24,034 [INFO] Starting Federated Training...
2024-12-11 00:44:24,034 [INFO] Epoch 1/1
2024-12-11 00:44:44,452 [ERROR] No valid updates received from clients.
2024-12-11 00:44:44,452 [INFO] Saving metrics...
2024-12-11 00:44:44,452 [ERROR] Experiment failed: cannot access local variable 'metrics_log' where it is not associated with a value
2024-12-11 00:46:13,846 [INFO] Initializing eunet model...
2024-12-11 00:46:13,853 [INFO] Starting training on lits dataset...
2024-12-11 00:46:13,853 [INFO] Checking for LiTS dataset...
2024-12-11 00:46:14,554 [INFO] LiTS data is ready.
2024-12-11 00:46:14,554 [INFO] Initializing eunet model for Federated Server with lits...
2024-12-11 00:46:14,562 [INFO] Creating 4 clients...
2024-12-11 00:46:14,591 [INFO] Starting Federated Training...
2024-12-11 00:46:14,591 [INFO] Epoch 1/1
2024-12-11 00:46:35,204 [ERROR] No valid updates received from clients.
2024-12-11 00:46:35,204 [INFO] Saving metrics...
2024-12-11 00:46:35,204 [ERROR] Experiment failed: cannot access local variable 'metrics_log' where it is not associated with a value
2024-12-11 00:53:15,457 [INFO] Initializing eunet model...
2024-12-11 00:53:15,465 [INFO] Starting training on lits dataset...
2024-12-11 00:53:15,466 [INFO] Checking for LiTS dataset...
2024-12-11 00:53:16,259 [INFO] LiTS data is ready.
2024-12-11 00:53:16,259 [INFO] Initializing eunet model for Federated Server with lits...
2024-12-11 00:53:16,266 [INFO] Creating 4 clients...
2024-12-11 00:53:16,273 [ERROR] Experiment failed: 'LiTSDataset' object has no attribute 'transform'
2024-12-11 00:53:39,436 [INFO] Initializing eunet model...
2024-12-11 00:53:39,443 [INFO] Starting training on lits dataset...
2024-12-11 00:53:39,444 [INFO] Checking for LiTS dataset...
2024-12-11 00:53:40,224 [INFO] LiTS data is ready.
2024-12-11 00:53:40,224 [INFO] Initializing eunet model for Federated Server with lits...
2024-12-11 00:53:40,230 [INFO] Creating 4 clients...
2024-12-11 00:53:40,260 [INFO] Starting Federated Training...
2024-12-11 00:53:40,260 [INFO] Epoch 1/1
2024-12-11 00:53:40,427 [ERROR] Experiment failed: Can't get local object 'create_data_loaders.<locals>.<lambda>'
2024-12-11 00:54:36,776 [INFO] Initializing eunet model...
2024-12-11 00:54:36,784 [INFO] Starting training on lits dataset...
2024-12-11 00:54:36,785 [INFO] Checking for LiTS dataset...
2024-12-11 00:54:37,559 [INFO] LiTS data is ready.
2024-12-11 00:54:37,559 [INFO] Initializing eunet model for Federated Server with lits...
2024-12-11 00:54:37,565 [INFO] Creating 4 clients...
2024-12-11 00:54:37,594 [INFO] Starting Federated Training...
2024-12-11 00:54:37,595 [INFO] Epoch 1/1
2024-12-11 00:54:43,308 [ERROR] No valid updates received from clients.
2024-12-11 00:54:43,309 [INFO] Saving metrics...
2024-12-11 00:54:43,309 [ERROR] Experiment failed: cannot access local variable 'metrics_log' where it is not associated with a value
2024-12-11 00:55:41,142 [INFO] Initializing eunet model...
2024-12-11 00:55:41,149 [INFO] Starting training on lits dataset...
2024-12-11 00:55:41,150 [INFO] Checking for LiTS dataset...
2024-12-11 00:55:41,938 [INFO] LiTS data is ready.
2024-12-11 00:55:41,938 [INFO] Initializing eunet model for Federated Server with lits...
2024-12-11 00:55:41,945 [INFO] Creating 4 clients...
2024-12-11 00:55:41,974 [INFO] Starting Federated Training...
2024-12-11 00:55:41,974 [INFO] Epoch 1/1
2024-12-11 00:55:47,815 [ERROR] No valid updates received from clients.
2024-12-11 00:55:47,815 [INFO] Saving metrics...
2024-12-11 00:55:47,815 [ERROR] Experiment failed: cannot access local variable 'metrics_log' where it is not associated with a value
2024-12-11 00:56:04,078 [INFO] Initializing eunet model...
2024-12-11 00:56:04,085 [INFO] Starting training on lits dataset...
2024-12-11 00:56:04,086 [INFO] Checking for LiTS dataset...
2024-12-11 00:56:04,826 [INFO] LiTS data is ready.
2024-12-11 00:56:04,827 [INFO] Initializing eunet model for Federated Server with lits...
2024-12-11 00:56:04,833 [INFO] Creating 4 clients...
2024-12-11 00:56:04,861 [INFO] Starting Federated Training...
2024-12-11 00:56:04,862 [INFO] Epoch 1/1
2024-12-11 00:56:14,645 [ERROR] No valid updates received from clients.
2024-12-11 00:56:14,645 [INFO] Saving metrics...
2024-12-11 00:56:14,645 [ERROR] Experiment failed: cannot access local variable 'metrics_log' where it is not associated with a value
2024-12-11 00:57:16,331 [INFO] Initializing eunet model...
2024-12-11 00:57:16,338 [INFO] Starting training on lits dataset...
2024-12-11 00:57:16,339 [INFO] Checking for LiTS dataset...
2024-12-11 00:57:17,095 [INFO] LiTS data is ready.
2024-12-11 00:57:17,095 [INFO] Initializing eunet model for Federated Server with lits...
2024-12-11 00:57:17,101 [INFO] Creating 4 clients...
2024-12-11 00:57:17,130 [INFO] Starting Federated Training...
2024-12-11 00:57:17,130 [INFO] Epoch 1/1
2024-12-11 00:57:26,877 [ERROR] No valid updates received from clients.
2024-12-11 00:57:26,878 [INFO] Saving metrics...
2024-12-11 00:57:26,878 [ERROR] Experiment failed: cannot access local variable 'metrics_log' where it is not associated with a value
2024-12-11 00:58:13,201 [INFO] Initializing eunet model...
2024-12-11 00:58:13,209 [INFO] Starting training on lits dataset...
2024-12-11 00:58:13,209 [INFO] Checking for LiTS dataset...
2024-12-11 00:58:14,018 [INFO] LiTS data is ready.
2024-12-11 00:58:14,018 [INFO] Initializing eunet model for Federated Server with lits...
2024-12-11 00:58:14,024 [INFO] Creating 4 clients...
2024-12-11 00:58:14,053 [INFO] Starting Federated Training...
2024-12-11 00:58:14,053 [INFO] Epoch 1/1
2024-12-11 00:59:03,188 [ERROR] No valid updates received from clients.
2024-12-11 00:59:03,189 [INFO] Saving metrics...
2024-12-11 00:59:03,189 [ERROR] Experiment failed: cannot access local variable 'metrics_log' where it is not associated with a value
2024-12-11 00:59:28,667 [INFO] Initializing eunet model...
2024-12-11 00:59:28,675 [INFO] Starting training on lits dataset...
2024-12-11 00:59:28,676 [INFO] Checking for LiTS dataset...
2024-12-11 00:59:29,491 [INFO] LiTS data is ready.
2024-12-11 00:59:29,491 [INFO] Initializing eunet model for Federated Server with lits...
2024-12-11 00:59:29,498 [INFO] Creating 4 clients...
2024-12-11 00:59:29,526 [INFO] Starting Federated Training...
2024-12-11 00:59:29,527 [INFO] Epoch 1/1
2024-12-11 00:59:40,859 [ERROR] No valid updates received from clients.
2024-12-11 00:59:40,860 [INFO] Saving metrics...
2024-12-11 00:59:40,860 [ERROR] Experiment failed: cannot access local variable 'metrics_log' where it is not associated with a value
2024-12-11 00:59:49,635 [INFO] Initializing eunet model...
2024-12-11 00:59:49,645 [INFO] Starting training on lits dataset...
2024-12-11 00:59:49,646 [INFO] Checking for LiTS dataset...
2024-12-11 00:59:50,450 [INFO] LiTS data is ready.
2024-12-11 00:59:50,451 [INFO] Initializing eunet model for Federated Server with lits...
2024-12-11 00:59:50,457 [INFO] Creating 4 clients...
2024-12-11 00:59:50,485 [INFO] Starting Federated Training...
2024-12-11 00:59:50,485 [INFO] Epoch 1/1
2024-12-11 01:00:01,723 [ERROR] No valid updates received from clients.
2024-12-11 01:00:01,723 [INFO] Saving metrics...
2024-12-11 01:00:01,723 [ERROR] Experiment failed: cannot access local variable 'metrics_log' where it is not associated with a value
2024-12-11 01:00:31,527 [INFO] Initializing eunet model...
2024-12-11 01:00:31,534 [INFO] Starting training on lits dataset...
2024-12-11 01:00:31,535 [INFO] Checking for LiTS dataset...
2024-12-11 01:00:32,497 [INFO] LiTS data is ready.
2024-12-11 01:00:32,497 [INFO] Initializing eunet model for Federated Server with lits...
2024-12-11 01:00:32,503 [INFO] Creating 4 clients...
2024-12-11 01:00:32,532 [INFO] Starting Federated Training...
2024-12-11 01:00:32,532 [INFO] Epoch 1/1
2024-12-11 01:00:52,811 [ERROR] No valid updates received from clients.
2024-12-11 01:00:52,812 [INFO] Saving metrics...
2024-12-11 01:00:52,812 [ERROR] Experiment failed: cannot access local variable 'metrics_log' where it is not associated with a value
2024-12-11 01:10:58,711 [INFO] Initializing eunet model...
2024-12-11 01:10:58,720 [INFO] Starting training on lits dataset...
2024-12-11 01:10:58,721 [INFO] Checking for LiTS dataset...
2024-12-11 01:10:59,507 [INFO] LiTS data is ready.
2024-12-11 01:10:59,507 [INFO] Initializing eunet model for Federated Server with lits...
2024-12-11 01:10:59,513 [INFO] Creating 4 clients...
2024-12-11 01:10:59,545 [INFO] Starting Federated Training...
2024-12-11 01:10:59,546 [INFO] Epoch 1/1
2024-12-11 01:11:20,039 [ERROR] No valid updates received from clients.
2024-12-11 01:11:20,039 [INFO] Saving metrics...
2024-12-11 01:11:20,039 [ERROR] Experiment failed: cannot access local variable 'metrics_log' where it is not associated with a value
2024-12-11 01:11:50,838 [INFO] Initializing eunet model...
2024-12-11 01:11:50,845 [INFO] Starting training on lits dataset...
2024-12-11 01:11:50,846 [INFO] Checking for LiTS dataset...
2024-12-11 01:11:51,672 [INFO] LiTS data is ready.
2024-12-11 01:11:51,673 [INFO] Initializing eunet model for Federated Server with lits...
2024-12-11 01:11:51,679 [INFO] Creating 4 clients...
2024-12-11 01:11:51,707 [INFO] Starting Federated Training...
2024-12-11 01:11:51,707 [INFO] Epoch 1/1
2024-12-11 01:12:11,876 [ERROR] No valid updates received from clients.
2024-12-11 01:12:11,877 [INFO] Saving metrics...
2024-12-11 01:12:11,877 [ERROR] Experiment failed: cannot access local variable 'metrics_log' where it is not associated with a value
2024-12-11 01:12:26,749 [INFO] Initializing eunet model...
2024-12-11 01:12:26,757 [INFO] Starting training on lits dataset...
2024-12-11 01:12:26,757 [INFO] Checking for LiTS dataset...
2024-12-11 01:12:27,560 [INFO] LiTS data is ready.
2024-12-11 01:12:27,561 [INFO] Initializing eunet model for Federated Server with lits...
2024-12-11 01:12:27,568 [INFO] Creating 2 clients...
2024-12-11 01:12:27,582 [INFO] Starting Federated Training...
2024-12-11 01:12:27,582 [INFO] Epoch 1/1
2024-12-11 01:12:37,824 [ERROR] No valid updates received from clients.
2024-12-11 01:12:37,824 [INFO] Saving metrics...
2024-12-11 01:12:37,824 [ERROR] Experiment failed: cannot access local variable 'metrics_log' where it is not associated with a value
2024-12-11 01:14:11,393 [INFO] Initializing eunet model...
2024-12-11 01:14:11,401 [INFO] Starting training on lits dataset...
2024-12-11 01:14:11,402 [INFO] Checking for LiTS dataset...
2024-12-11 01:14:12,224 [INFO] LiTS data is ready.
2024-12-11 01:14:12,224 [INFO] Initializing eunet model for Federated Server with lits...
2024-12-11 01:14:12,230 [INFO] Creating 2 clients...
2024-12-11 01:14:12,245 [INFO] Starting Federated Training...
2024-12-11 01:14:12,245 [INFO] Epoch 1/1
2024-12-11 01:14:22,764 [ERROR] No valid updates received from clients.
2024-12-11 01:14:22,764 [INFO] Saving metrics...
2024-12-11 01:14:22,765 [ERROR] Experiment failed: cannot access local variable 'metrics_log' where it is not associated with a value
2024-12-11 01:15:14,152 [INFO] Initializing eunet model...
2024-12-11 01:15:14,159 [INFO] Starting training on lits dataset...
2024-12-11 01:15:14,160 [INFO] Checking for LiTS dataset...
2024-12-11 01:15:14,934 [INFO] LiTS data is ready.
2024-12-11 01:15:14,934 [INFO] Initializing eunet model for Federated Server with lits...
2024-12-11 01:15:14,941 [INFO] Creating 2 clients...
2024-12-11 01:15:14,955 [INFO] Starting Federated Training...
2024-12-11 01:15:14,956 [INFO] Epoch 1/1
2024-12-11 01:15:25,236 [ERROR] No valid updates received from clients.
2024-12-11 01:15:25,236 [INFO] Saving metrics...
2024-12-11 01:15:25,236 [ERROR] Experiment failed: cannot access local variable 'metrics_log' where it is not associated with a value
2024-12-11 01:15:52,390 [INFO] Initializing eunet model...
2024-12-11 01:15:52,397 [INFO] Starting training on lits dataset...
2024-12-11 01:15:52,398 [INFO] Checking for LiTS dataset...
2024-12-11 01:15:53,177 [INFO] LiTS data is ready.
2024-12-11 01:15:53,177 [INFO] Initializing eunet model for Federated Server with lits...
2024-12-11 01:15:53,183 [INFO] Creating 2 clients...
2024-12-11 01:15:53,198 [INFO] Starting Federated Training...
2024-12-11 01:15:53,198 [INFO] Epoch 1/1
2024-12-11 01:16:03,633 [ERROR] No valid updates received from clients.
2024-12-11 01:16:03,634 [INFO] Saving metrics...
2024-12-11 01:16:03,634 [ERROR] Experiment failed: cannot access local variable 'metrics_log' where it is not associated with a value
2024-12-11 01:16:14,922 [INFO] Initializing eunet model...
2024-12-11 01:16:14,929 [INFO] Starting training on lits dataset...
2024-12-11 01:16:14,930 [INFO] Checking for LiTS dataset...
2024-12-11 01:16:15,683 [INFO] LiTS data is ready.
2024-12-11 01:16:15,683 [INFO] Initializing eunet model for Federated Server with lits...
2024-12-11 01:16:15,690 [INFO] Creating 2 clients...
2024-12-11 01:16:15,703 [INFO] Starting Federated Training...
2024-12-11 01:16:15,704 [INFO] Epoch 1/1
2024-12-11 01:16:26,076 [ERROR] No valid updates received from clients.
2024-12-11 01:16:26,076 [INFO] Saving metrics...
2024-12-11 01:16:26,077 [ERROR] Experiment failed: cannot access local variable 'metrics_log' where it is not associated with a value
2024-12-11 01:37:52,688 [INFO] Initializing eunet model...
2024-12-11 01:37:52,696 [INFO] Starting training on lits dataset...
2024-12-11 01:37:52,696 [INFO] Checking for LiTS dataset...
2024-12-11 01:37:53,440 [INFO] LiTS data is ready.
2024-12-11 01:37:53,441 [INFO] Initializing eunet model for Federated Server with lits...
2024-12-11 01:37:53,447 [INFO] Creating 2 clients...
2024-12-11 01:37:53,447 [ERROR] Experiment failed: 'Namespace' object has no attribute 'model_name'
2024-12-11 01:38:25,817 [INFO] Initializing eunet model...
2024-12-11 01:38:25,825 [INFO] Starting training on lits dataset...
2024-12-11 01:38:25,826 [INFO] Checking for LiTS dataset...
2024-12-11 01:38:26,579 [INFO] LiTS data is ready.
2024-12-11 01:38:26,579 [INFO] Initializing eunet model for Federated Server with lits...
2024-12-11 01:38:26,585 [INFO] Creating 2 clients...
2024-12-11 01:38:26,601 [INFO] Starting Federated Training...
2024-12-11 01:38:26,601 [INFO] Epoch 1/1
2024-12-11 01:38:37,044 [ERROR] No valid updates received from clients.
2024-12-11 01:38:37,044 [INFO] Saving metrics...
2024-12-11 01:38:37,044 [ERROR] Experiment failed: cannot access local variable 'metrics_log' where it is not associated with a value
2024-12-11 01:40:57,244 [INFO] Initializing eunet model...
2024-12-11 01:40:57,252 [INFO] Starting training on lits dataset...
2024-12-11 01:40:57,252 [INFO] Checking for LiTS dataset...
2024-12-11 01:40:58,073 [INFO] LiTS data is ready.
2024-12-11 01:40:58,073 [INFO] Initializing eunet model for Federated Server with lits...
2024-12-11 01:40:58,080 [INFO] Creating 2 clients...
2024-12-11 01:40:58,094 [INFO] Starting Federated Training...
2024-12-11 01:40:58,094 [INFO] Epoch 1/1
2024-12-11 01:41:08,016 [ERROR] No valid updates received from clients.
2024-12-11 01:41:08,017 [INFO] Saving metrics...
2024-12-11 01:41:08,017 [ERROR] Experiment failed: cannot access local variable 'metrics_log' where it is not associated with a value
2024-12-11 01:42:14,002 [INFO] Initializing eunet model...
2024-12-11 01:42:14,009 [INFO] Starting training on lits dataset...
2024-12-11 01:42:14,009 [INFO] Checking for LiTS dataset...
2024-12-11 01:42:14,772 [INFO] LiTS data is ready.
2024-12-11 01:42:14,772 [INFO] Initializing eunet model for Federated Server with lits...
2024-12-11 01:42:14,779 [INFO] Creating 2 clients...
2024-12-11 01:42:14,794 [INFO] Starting Federated Training...
2024-12-11 01:42:14,794 [INFO] Epoch 1/1
2024-12-11 01:42:25,274 [ERROR] No valid updates received from clients.
2024-12-11 01:42:25,275 [INFO] Saving metrics...
2024-12-11 01:42:25,275 [ERROR] Experiment failed: cannot access local variable 'metrics_log' where it is not associated with a value
2024-12-11 01:44:01,903 [INFO] Initializing eunet model...
2024-12-11 01:44:01,911 [INFO] Starting training on lits dataset...
2024-12-11 01:44:01,911 [INFO] Checking for LiTS dataset...
2024-12-11 01:44:02,723 [INFO] LiTS data is ready.
2024-12-11 01:44:02,723 [INFO] Initializing eunet model for Federated Server with lits...
2024-12-11 01:44:02,730 [INFO] Creating 2 clients...
2024-12-11 01:44:02,745 [INFO] Starting Federated Training...
2024-12-11 01:44:02,746 [INFO] Epoch 1/1
2024-12-11 01:44:12,797 [ERROR] No valid updates received from clients.
2024-12-11 01:44:12,798 [INFO] Saving metrics...
2024-12-11 01:44:12,798 [ERROR] Experiment failed: cannot access local variable 'metrics_log' where it is not associated with a value
2024-12-11 01:48:50,495 [INFO] Initializing eunet model...
2024-12-11 01:48:50,502 [INFO] Starting training on lits dataset...
2024-12-11 01:48:50,502 [INFO] Checking for LiTS dataset...
2024-12-11 01:48:51,329 [INFO] LiTS data is ready.
2024-12-11 01:48:51,329 [INFO] Initializing eunet model for Federated Server with lits...
2024-12-11 01:48:51,335 [INFO] Creating 2 clients...
2024-12-11 01:48:51,342 [ERROR] Experiment failed: LiTSDataset.__init__() missing 1 required positional argument: 'transform'
2024-12-11 01:50:06,125 [INFO] Initializing eunet model...
2024-12-11 01:50:06,133 [INFO] Starting training on lits dataset...
2024-12-11 01:50:06,133 [INFO] Checking for LiTS dataset...
2024-12-11 01:50:06,920 [INFO] LiTS data is ready.
2024-12-11 01:50:06,920 [INFO] Initializing eunet model for Federated Server with lits...
2024-12-11 01:50:06,926 [INFO] Creating 2 clients...
2024-12-11 01:50:06,942 [INFO] Starting Federated Training...
2024-12-11 01:50:06,942 [INFO] Epoch 1/1
2024-12-11 01:50:07,028 [ERROR] Experiment failed: Can't get local object 'main.<locals>.<lambda>'
2024-12-11 01:50:51,221 [INFO] Initializing eunet model...
2024-12-11 01:50:51,228 [INFO] Starting training on lits dataset...
2024-12-11 01:50:51,229 [INFO] Checking for LiTS dataset...
2024-12-11 01:50:52,031 [INFO] LiTS data is ready.
2024-12-11 01:50:52,032 [INFO] Initializing eunet model for Federated Server with lits...
2024-12-11 01:50:52,038 [INFO] Creating 2 clients...
2024-12-11 01:50:52,052 [INFO] Starting Federated Training...
2024-12-11 01:50:52,054 [INFO] Epoch 1/1
2024-12-11 01:50:52,141 [ERROR] Experiment failed: Can't get local object 'main.<locals>.<lambda>'
2024-12-11 01:51:11,681 [INFO] Initializing eunet model...
2024-12-11 01:51:11,689 [INFO] Starting training on lits dataset...
2024-12-11 01:51:11,689 [INFO] Checking for LiTS dataset...
2024-12-11 01:51:12,455 [INFO] LiTS data is ready.
2024-12-11 01:51:12,455 [INFO] Initializing eunet model for Federated Server with lits...
2024-12-11 01:51:12,461 [INFO] Creating 2 clients...
2024-12-11 01:51:12,475 [INFO] Starting Federated Training...
2024-12-11 01:51:12,476 [INFO] Epoch 1/1
2024-12-11 01:51:12,563 [ERROR] Experiment failed: Can't get local object 'main.<locals>.<lambda>'
2024-12-11 01:52:30,979 [INFO] Initializing eunet model...
2024-12-11 01:52:30,987 [INFO] Starting training on lits dataset...
2024-12-11 01:52:30,987 [INFO] Checking for LiTS dataset...
2024-12-11 01:52:32,134 [INFO] LiTS data is ready.
2024-12-11 01:52:32,135 [INFO] Initializing eunet model for Federated Server with lits...
2024-12-11 01:52:32,141 [INFO] Creating 2 clients...
2024-12-11 01:52:32,148 [ERROR] Experiment failed: LiTSDataset.__init__() missing 1 required positional argument: 'transform'
2024-12-11 01:52:48,717 [INFO] Initializing eunet model...
2024-12-11 01:52:48,725 [INFO] Starting training on lits dataset...
2024-12-11 01:52:48,725 [INFO] Checking for LiTS dataset...
2024-12-11 01:52:49,549 [INFO] LiTS data is ready.
2024-12-11 01:52:49,549 [INFO] Initializing eunet model for Federated Server with lits...
2024-12-11 01:52:49,556 [INFO] Creating 2 clients...
2024-12-11 01:52:49,570 [INFO] Starting Federated Training...
2024-12-11 01:52:49,572 [INFO] Epoch 1/1
2024-12-11 01:52:49,662 [ERROR] Experiment failed: Can't get local object 'LiTSDataset.__init__.<locals>.<lambda>'
2024-12-11 01:54:34,494 [INFO] Initializing eunet model...
2024-12-11 01:54:34,501 [INFO] Starting training on lits dataset...
2024-12-11 01:54:34,502 [INFO] Checking for LiTS dataset...
2024-12-11 01:54:35,294 [INFO] LiTS data is ready.
2024-12-11 01:54:35,294 [INFO] Initializing eunet model for Federated Server with lits...
2024-12-11 01:54:35,301 [INFO] Creating 2 clients...
2024-12-11 01:54:35,315 [INFO] Starting Federated Training...
2024-12-11 01:54:35,315 [INFO] Epoch 1/1
2024-12-11 01:54:35,404 [ERROR] Experiment failed: Can't get local object 'create_data_loaders.<locals>.<lambda>'
2024-12-11 01:55:48,187 [INFO] Initializing eunet model...
2024-12-11 01:55:48,195 [INFO] Starting training on lits dataset...
2024-12-11 01:55:48,195 [INFO] Checking for LiTS dataset...
2024-12-11 01:55:49,017 [INFO] LiTS data is ready.
2024-12-11 01:55:49,017 [INFO] Initializing eunet model for Federated Server with lits...
2024-12-11 01:55:49,024 [INFO] Creating 2 clients...
2024-12-11 01:55:49,038 [INFO] Starting Federated Training...
2024-12-11 01:55:49,039 [INFO] Epoch 1/1
2024-12-11 01:55:58,851 [ERROR] No valid updates received from clients.
2024-12-11 01:55:58,852 [INFO] Saving metrics...
2024-12-11 01:55:58,852 [ERROR] Experiment failed: cannot access local variable 'metrics_log' where it is not associated with a value
2024-12-11 01:57:59,114 [INFO] Initializing eunet model...
2024-12-11 01:57:59,121 [INFO] Starting training on lits dataset...
2024-12-11 01:57:59,122 [INFO] Checking for LiTS dataset...
2024-12-11 01:58:00,125 [INFO] LiTS data is ready.
2024-12-11 01:58:00,125 [INFO] Initializing eunet model for Federated Server with lits...
2024-12-11 01:58:00,132 [INFO] Creating 2 clients...
2024-12-11 01:58:00,149 [INFO] Starting Federated Training...
2024-12-11 01:58:00,149 [INFO] Epoch 1/1
2024-12-11 01:58:11,003 [ERROR] No valid updates received from clients.
2024-12-11 01:58:11,003 [INFO] Saving metrics...
2024-12-11 01:58:11,004 [ERROR] Experiment failed: cannot access local variable 'metrics_log' where it is not associated with a value
2024-12-11 02:00:00,567 [INFO] Initializing eunet model...
2024-12-11 02:00:00,575 [INFO] Starting training on lits dataset...
2024-12-11 02:00:00,576 [INFO] Checking for LiTS dataset...
2024-12-11 02:00:01,336 [INFO] LiTS data is ready.
2024-12-11 02:00:01,336 [INFO] Initializing eunet model for Federated Server with lits...
2024-12-11 02:00:01,343 [INFO] Creating 2 clients...
2024-12-11 02:00:01,357 [INFO] Starting Federated Training...
2024-12-11 02:00:01,358 [INFO] Epoch 1/1
2024-12-11 02:00:11,100 [ERROR] No valid updates received from clients.
2024-12-11 02:00:11,100 [INFO] Saving metrics...
2024-12-11 02:00:11,100 [ERROR] Experiment failed: cannot access local variable 'metrics_log' where it is not associated with a value
